<?xml version="1.0" encoding="UTF-8"?>
<!-- Generated by org.testng.reporters.JUnitReportReporter -->
<testsuite hostname="LAPTOP-E3JH74CN" failures="0" tests="4" name="com.qa.test.CheckOperationsTest" time="0.007" errors="0" timestamp="2021-06-01T06:43:57 IST" skipped="0">
  <testcase classname="com.qa.test.CheckOperationsTest" name="sum" time="0.000"/>
  <system-out/>
  <testcase classname="com.qa.test.CheckOperationsTest" name="multi" time="0.000"/>
  <system-out/>
  <testcase classname="com.qa.test.CheckOperationsTest" name="substract" time="0.000"/>
  <system-out/>
  <testcase classname="com.qa.test.CheckOperationsTest" name="divide" time="0.007"/>
  <system-out/>
</testsuite> <!-- com.qa.test.CheckOperationsTest -->
